2023/12/23 10:13:53 [notice] 1#1: using the "epoll" event method
2023/12/23 10:13:53 [notice] 1#1: nginx/1.25.3
2023/12/23 10:13:53 [notice] 1#1: built by gcc 12.2.0 (Debian 12.2.0-14) 
2023/12/23 10:13:53 [notice] 1#1: OS: Linux 6.5.9-arch2-1
2023/12/23 10:13:53 [notice] 1#1: getrlimit(RLIMIT_NOFILE): 1073741816:1073741816
2023/12/23 10:13:53 [notice] 1#1: start worker processes
2023/12/23 10:13:53 [notice] 1#1: start worker process 20
2023/12/23 10:13:53 [notice] 1#1: start worker process 21
2023/12/23 10:13:53 [notice] 1#1: start worker process 22
2023/12/23 10:13:53 [notice] 1#1: start worker process 23
2023/12/23 10:13:53 [notice] 1#1: start worker process 24
2023/12/23 10:13:53 [notice] 1#1: start worker process 25
2023/12/23 10:13:53 [notice] 1#1: start worker process 26
2023/12/23 10:13:53 [notice] 1#1: start worker process 27
2023/12/23 10:13:53 [notice] 1#1: start worker process 28
2023/12/23 10:13:53 [notice] 1#1: start worker process 29
2023/12/23 10:13:53 [notice] 1#1: start worker process 30
2023/12/23 10:13:53 [notice] 1#1: start worker process 31
2023/12/23 10:13:53 [notice] 1#1: start worker process 32
2023/12/23 10:13:53 [notice] 1#1: start worker process 33
2023/12/23 10:13:53 [notice] 1#1: start worker process 34
2023/12/23 10:13:53 [notice] 1#1: start worker process 35
2023/12/23 10:14:11 [error] 20#20: *1 connect() failed (111: Connection refused) while connecting to upstream, client: 172.19.0.1, server: example.com, request: "GET /favicon.ico HTTP/1.1", upstream: "http://172.19.0.2:8080/favicon.ico", host: "0.0.0.0"
2023/12/23 10:14:11 [error] 21#21: *4 connect() failed (111: Connection refused) while connecting to upstream, client: 172.19.0.1, server: example.com, request: "GET / HTTP/1.1", upstream: "http://172.19.0.2:8080/", host: "0.0.0.0"
2023/12/23 10:14:12 [error] 21#21: *4 connect() failed (111: Connection refused) while connecting to upstream, client: 172.19.0.1, server: example.com, request: "GET /favicon.ico HTTP/1.1", upstream: "http://172.19.0.2:8080/favicon.ico", host: "0.0.0.0", referrer: "http://0.0.0.0/"
2023/12/23 10:14:17 [error] 21#21: *4 connect() failed (111: Connection refused) while connecting to upstream, client: 172.19.0.1, server: example.com, request: "GET /admin HTTP/1.1", upstream: "http://172.19.0.2:8080/admin", host: "0.0.0.0"
2023/12/23 10:14:17 [error] 21#21: *4 connect() failed (111: Connection refused) while connecting to upstream, client: 172.19.0.1, server: example.com, request: "GET /favicon.ico HTTP/1.1", upstream: "http://172.19.0.2:8080/favicon.ico", host: "0.0.0.0", referrer: "http://0.0.0.0/admin"
2023/12/23 10:14:40 [notice] 1#1: signal 3 (SIGQUIT) received, shutting down
2023/12/23 10:14:40 [notice] 20#20: gracefully shutting down
2023/12/23 10:14:40 [notice] 22#22: gracefully shutting down
2023/12/23 10:14:40 [notice] 21#21: gracefully shutting down
2023/12/23 10:14:40 [notice] 23#23: gracefully shutting down
2023/12/23 10:14:40 [notice] 24#24: gracefully shutting down
2023/12/23 10:14:40 [notice] 25#25: gracefully shutting down
2023/12/23 10:14:40 [notice] 26#26: gracefully shutting down
2023/12/23 10:14:40 [notice] 27#27: gracefully shutting down
2023/12/23 10:14:40 [notice] 29#29: gracefully shutting down
2023/12/23 10:14:40 [notice] 23#23: exiting
2023/12/23 10:14:40 [notice] 24#24: exiting
2023/12/23 10:14:40 [notice] 28#28: gracefully shutting down
2023/12/23 10:14:40 [notice] 32#32: gracefully shutting down
2023/12/23 10:14:40 [notice] 25#25: exiting
2023/12/23 10:14:40 [notice] 34#34: gracefully shutting down
2023/12/23 10:14:40 [notice] 26#26: exiting
2023/12/23 10:14:40 [notice] 27#27: exiting
2023/12/23 10:14:40 [notice] 29#29: exiting
2023/12/23 10:14:40 [notice] 21#21: exiting
2023/12/23 10:14:40 [notice] 20#20: exiting
2023/12/23 10:14:40 [notice] 28#28: exiting
2023/12/23 10:14:40 [notice] 32#32: exiting
2023/12/23 10:14:40 [notice] 34#34: exiting
2023/12/23 10:14:40 [notice] 24#24: exit
2023/12/23 10:14:40 [notice] 23#23: exit
2023/12/23 10:14:40 [notice] 25#25: exit
2023/12/23 10:14:40 [notice] 26#26: exit
2023/12/23 10:14:40 [notice] 27#27: exit
2023/12/23 10:14:40 [notice] 30#30: gracefully shutting down
2023/12/23 10:14:40 [notice] 21#21: exit
2023/12/23 10:14:40 [notice] 20#20: exit
2023/12/23 10:14:40 [notice] 29#29: exit
2023/12/23 10:14:40 [notice] 28#28: exit
2023/12/23 10:14:40 [notice] 32#32: exit
2023/12/23 10:14:40 [notice] 34#34: exit
2023/12/23 10:14:40 [notice] 30#30: exiting
2023/12/23 10:14:40 [notice] 30#30: exit
2023/12/23 10:14:40 [notice] 31#31: gracefully shutting down
2023/12/23 10:14:40 [notice] 31#31: exiting
2023/12/23 10:14:40 [notice] 31#31: exit
2023/12/23 10:14:40 [notice] 33#33: gracefully shutting down
2023/12/23 10:14:40 [notice] 33#33: exiting
2023/12/23 10:14:40 [notice] 33#33: exit
2023/12/23 10:14:40 [notice] 35#35: gracefully shutting down
2023/12/23 10:14:40 [notice] 35#35: exiting
2023/12/23 10:14:40 [notice] 35#35: exit
2023/12/23 10:14:40 [notice] 1#1: signal 17 (SIGCHLD) received from 31
2023/12/23 10:14:40 [notice] 1#1: worker process 20 exited with code 0
2023/12/23 10:14:40 [notice] 1#1: worker process 21 exited with code 0
2023/12/23 10:14:40 [notice] 1#1: worker process 26 exited with code 0
2023/12/23 10:14:40 [notice] 1#1: worker process 27 exited with code 0
2023/12/23 10:14:40 [notice] 1#1: worker process 31 exited with code 0
2023/12/23 10:14:40 [notice] 1#1: signal 29 (SIGIO) received
2023/12/23 10:14:40 [notice] 1#1: signal 17 (SIGCHLD) received from 20
2023/12/23 10:14:40 [notice] 1#1: signal 17 (SIGCHLD) received from 25
2023/12/23 10:14:40 [notice] 1#1: worker process 23 exited with code 0
2023/12/23 10:14:40 [notice] 1#1: worker process 25 exited with code 0
2023/12/23 10:14:40 [notice] 1#1: signal 29 (SIGIO) received
2023/12/23 10:14:40 [notice] 1#1: signal 17 (SIGCHLD) received from 23
2023/12/23 10:14:40 [notice] 1#1: signal 17 (SIGCHLD) received from 34
2023/12/23 10:14:40 [notice] 1#1: worker process 34 exited with code 0
2023/12/23 10:14:40 [notice] 1#1: signal 29 (SIGIO) received
2023/12/23 10:14:40 [notice] 1#1: signal 17 (SIGCHLD) received from 35
2023/12/23 10:14:40 [notice] 1#1: worker process 33 exited with code 0
2023/12/23 10:14:40 [notice] 1#1: worker process 30 exited with code 0
2023/12/23 10:14:40 [notice] 1#1: worker process 28 exited with code 0
2023/12/23 10:14:40 [notice] 1#1: worker process 35 exited with code 0
2023/12/23 10:14:40 [notice] 1#1: signal 29 (SIGIO) received
2023/12/23 10:14:40 [notice] 1#1: signal 17 (SIGCHLD) received from 33
2023/12/23 10:14:40 [notice] 1#1: signal 17 (SIGCHLD) received from 24
2023/12/23 10:14:40 [notice] 1#1: worker process 24 exited with code 0
2023/12/23 10:14:40 [notice] 1#1: signal 29 (SIGIO) received
2023/12/23 10:14:40 [notice] 1#1: signal 17 (SIGCHLD) received from 32
2023/12/23 10:14:40 [notice] 1#1: worker process 32 exited with code 0
2023/12/23 10:14:40 [notice] 1#1: signal 29 (SIGIO) received
2023/12/23 10:14:40 [notice] 1#1: signal 17 (SIGCHLD) received from 29
2023/12/23 10:14:40 [notice] 1#1: worker process 29 exited with code 0
2023/12/23 10:14:40 [notice] 1#1: signal 29 (SIGIO) received
2023/12/23 10:14:40 [notice] 22#22: exiting
2023/12/23 10:14:40 [notice] 22#22: exit
2023/12/23 10:14:40 [notice] 1#1: signal 17 (SIGCHLD) received from 22
2023/12/23 10:14:40 [notice] 1#1: worker process 22 exited with code 0
2023/12/23 10:14:40 [notice] 1#1: exit
2023/12/23 10:15:03 [notice] 1#1: using the "epoll" event method
2023/12/23 10:15:03 [notice] 1#1: nginx/1.25.3
2023/12/23 10:15:03 [notice] 1#1: built by gcc 12.2.0 (Debian 12.2.0-14) 
2023/12/23 10:15:03 [notice] 1#1: OS: Linux 6.5.9-arch2-1
2023/12/23 10:15:03 [notice] 1#1: getrlimit(RLIMIT_NOFILE): 1073741816:1073741816
2023/12/23 10:15:03 [notice] 1#1: start worker processes
2023/12/23 10:15:03 [notice] 1#1: start worker process 20
2023/12/23 10:15:03 [notice] 1#1: start worker process 21
2023/12/23 10:15:03 [notice] 1#1: start worker process 22
2023/12/23 10:15:03 [notice] 1#1: start worker process 23
2023/12/23 10:15:03 [notice] 1#1: start worker process 24
2023/12/23 10:15:03 [notice] 1#1: start worker process 25
2023/12/23 10:15:03 [notice] 1#1: start worker process 26
2023/12/23 10:15:03 [notice] 1#1: start worker process 27
2023/12/23 10:15:03 [notice] 1#1: start worker process 28
2023/12/23 10:15:03 [notice] 1#1: start worker process 29
2023/12/23 10:15:03 [notice] 1#1: start worker process 30
2023/12/23 10:15:03 [notice] 1#1: start worker process 31
2023/12/23 10:15:03 [notice] 1#1: start worker process 32
2023/12/23 10:15:03 [notice] 1#1: start worker process 33
2023/12/23 10:15:03 [notice] 1#1: start worker process 34
2023/12/23 10:15:03 [notice] 1#1: start worker process 35
2023/12/23 10:19:57 [notice] 1#1: signal 3 (SIGQUIT) received, shutting down
2023/12/23 10:19:57 [notice] 20#20: gracefully shutting down
2023/12/23 10:19:57 [notice] 22#22: gracefully shutting down
2023/12/23 10:19:57 [notice] 21#21: gracefully shutting down
2023/12/23 10:19:57 [notice] 20#20: exiting
2023/12/23 10:19:57 [notice] 22#22: exiting
2023/12/23 10:19:57 [notice] 21#21: exiting
2023/12/23 10:19:57 [notice] 20#20: exit
2023/12/23 10:19:57 [notice] 22#22: exit
2023/12/23 10:19:57 [notice] 21#21: exit
2023/12/23 10:19:57 [notice] 23#23: gracefully shutting down
2023/12/23 10:19:57 [notice] 25#25: gracefully shutting down
2023/12/23 10:19:57 [notice] 26#26: gracefully shutting down
2023/12/23 10:19:57 [notice] 24#24: gracefully shutting down
2023/12/23 10:19:57 [notice] 25#25: exiting
2023/12/23 10:19:57 [notice] 23#23: exiting
2023/12/23 10:19:57 [notice] 26#26: exiting
2023/12/23 10:19:57 [notice] 24#24: exiting
2023/12/23 10:19:57 [notice] 25#25: exit
2023/12/23 10:19:57 [notice] 23#23: exit
2023/12/23 10:19:57 [notice] 24#24: exit
2023/12/23 10:19:57 [notice] 26#26: exit
2023/12/23 10:19:57 [notice] 27#27: gracefully shutting down
2023/12/23 10:19:57 [notice] 31#31: gracefully shutting down
2023/12/23 10:19:57 [notice] 28#28: gracefully shutting down
2023/12/23 10:19:57 [notice] 29#29: gracefully shutting down
2023/12/23 10:19:57 [notice] 35#35: gracefully shutting down
2023/12/23 10:19:57 [notice] 27#27: exiting
2023/12/23 10:19:57 [notice] 34#34: gracefully shutting down
2023/12/23 10:19:57 [notice] 31#31: exiting
2023/12/23 10:19:57 [notice] 30#30: gracefully shutting down
2023/12/23 10:19:57 [notice] 28#28: exiting
2023/12/23 10:19:57 [notice] 29#29: exiting
2023/12/23 10:19:57 [notice] 32#32: gracefully shutting down
2023/12/23 10:19:57 [notice] 35#35: exiting
2023/12/23 10:19:57 [notice] 34#34: exiting
2023/12/23 10:19:57 [notice] 33#33: gracefully shutting down
2023/12/23 10:19:57 [notice] 30#30: exiting
2023/12/23 10:19:57 [notice] 27#27: exit
2023/12/23 10:19:57 [notice] 32#32: exiting
2023/12/23 10:19:57 [notice] 31#31: exit
2023/12/23 10:19:57 [notice] 28#28: exit
2023/12/23 10:19:57 [notice] 29#29: exit
2023/12/23 10:19:57 [notice] 35#35: exit
2023/12/23 10:19:57 [notice] 33#33: exiting
2023/12/23 10:19:57 [notice] 34#34: exit
2023/12/23 10:19:57 [notice] 32#32: exit
2023/12/23 10:19:57 [notice] 30#30: exit
2023/12/23 10:19:57 [notice] 33#33: exit
2023/12/23 10:19:57 [notice] 1#1: signal 17 (SIGCHLD) received from 31
2023/12/23 10:19:57 [notice] 1#1: worker process 22 exited with code 0
2023/12/23 10:19:57 [notice] 1#1: worker process 28 exited with code 0
2023/12/23 10:19:57 [notice] 1#1: worker process 30 exited with code 0
2023/12/23 10:19:57 [notice] 1#1: worker process 31 exited with code 0
2023/12/23 10:19:57 [notice] 1#1: signal 29 (SIGIO) received
2023/12/23 10:19:57 [notice] 1#1: signal 17 (SIGCHLD) received from 30
2023/12/23 10:19:57 [notice] 1#1: signal 17 (SIGCHLD) received from 34
2023/12/23 10:19:57 [notice] 1#1: worker process 34 exited with code 0
2023/12/23 10:19:57 [notice] 1#1: worker process 20 exited with code 0
2023/12/23 10:19:57 [notice] 1#1: worker process 23 exited with code 0
2023/12/23 10:19:57 [notice] 1#1: worker process 32 exited with code 0
2023/12/23 10:19:57 [notice] 1#1: worker process 35 exited with code 0
2023/12/23 10:19:57 [notice] 1#1: signal 29 (SIGIO) received
2023/12/23 10:19:57 [notice] 1#1: signal 17 (SIGCHLD) received from 20
2023/12/23 10:19:57 [notice] 1#1: signal 17 (SIGCHLD) received from 24
2023/12/23 10:19:57 [notice] 1#1: worker process 24 exited with code 0
2023/12/23 10:19:57 [notice] 1#1: worker process 26 exited with code 0
2023/12/23 10:19:57 [notice] 1#1: signal 29 (SIGIO) received
2023/12/23 10:19:57 [notice] 1#1: signal 17 (SIGCHLD) received from 29
2023/12/23 10:19:57 [notice] 1#1: worker process 29 exited with code 0
2023/12/23 10:19:57 [notice] 1#1: signal 29 (SIGIO) received
2023/12/23 10:19:57 [notice] 1#1: signal 17 (SIGCHLD) received from 33
2023/12/23 10:19:57 [notice] 1#1: worker process 25 exited with code 0
2023/12/23 10:19:57 [notice] 1#1: worker process 33 exited with code 0
2023/12/23 10:19:57 [notice] 1#1: signal 29 (SIGIO) received
2023/12/23 10:19:57 [notice] 1#1: signal 17 (SIGCHLD) received from 21
2023/12/23 10:19:57 [notice] 1#1: worker process 21 exited with code 0
2023/12/23 10:19:57 [notice] 1#1: signal 17 (SIGCHLD) received from 27
2023/12/23 10:19:57 [notice] 1#1: worker process 27 exited with code 0
2023/12/23 10:19:57 [notice] 1#1: exit
